<?xml version="1.0" encoding="UTF-8"?>
<testsuite xmlns:xsi="http://www.w3.org/2001/XMLSchema-instance" xsi:noNamespaceSchemaLocation="https://maven.apache.org/surefire/maven-surefire-plugin/xsd/surefire-test-report-3.0.xsd" version="3.0" name="com.cyterafle.salahsama.claim.processing.RepositoryUnitTest" time="4.716" tests="8" errors="0" skipped="0" failures="0">
  <properties>
[...]
</properties>
  <testcase name="testClaimCustomerRelationship" classname="com.cyterafle.salahsama.claim.processing.RepositoryUnitTest" time="0.017">
    <system-out><![CDATA[2026-01-22T08:30:12.992+01:00  INFO 555080 --- [           main] t.c.s.AnnotationConfigContextLoaderUtils : Could not detect default configuration classes for test class [com.cyterafle.salahsama.claim.processing.RepositoryUnitTest]: RepositoryUnitTest does not declare any static, non-private, non-final, nested classes annotated with @Configuration.
2026-01-22T08:30:12.995+01:00  INFO 555080 --- [           main] .b.t.c.SpringBootTestContextBootstrapper : Found @SpringBootConfiguration com.cyterafle.salahsama.claim.processing.ProcessingApplication for test class com.cyterafle.salahsama.claim.processing.RepositoryUnitTest
2026-01-22T08:30:13.035+01:00  WARN 555080 --- [           main] lowableLiquibaseEnvironmentPostProcessor : Liquibase has not been explicitly enabled or disabled. Overriding default from Spring Boot from `true` to `false`. Flowable pulls in Liquibase, but does not use the Spring Boot configuration for it. If you are using it you would need to set `spring.liquibase.enabled` to `true` by yourself

  .   ____          _            __ _ _
 /\\ / ___'_ __ _ _(_)_ __  __ _ \ \ \ \
( ( )\___ | '_ | '_| | '_ \/ _` | \ \ \ \
 \\/  ___)| |_)| | | | | || (_| |  ) ) ) )
  '  |____| .__|_| |_|_| |_\__, | / / / /
 =========|_|==============|___/=/_/_/_/
 :: Spring Boot ::                (v3.2.5)

2026-01-22T08:30:13.047+01:00  INFO 555080 --- [           main] c.c.s.c.processing.RepositoryUnitTest    : Starting RepositoryUnitTest using Java 17.0.17 with PID 555080 (started by salah in /home/salah/Desktop/ENSIIE/Informatique/3s/webservice/web_services/processing)
2026-01-22T08:30:13.047+01:00  INFO 555080 --- [           main] c.c.s.c.processing.RepositoryUnitTest    : No active profile set, falling back to 1 default profile: "default"
2026-01-22T08:30:13.558+01:00  INFO 555080 --- [           main] .s.d.r.c.RepositoryConfigurationDelegate : Bootstrapping Spring Data JPA repositories in DEFAULT mode.
2026-01-22T08:30:13.589+01:00  INFO 555080 --- [           main] .s.d.r.c.RepositoryConfigurationDelegate : Finished Spring Data repository scanning in 30 ms. Found 4 JPA repository interfaces.
2026-01-22T08:30:13.687+01:00  WARN 555080 --- [           main] trationDelegate$BeanPostProcessorChecker : Bean 'webServiceConfig' of type [com.cyterafle.salahsama.claim.processing.soap.WebServiceConfig$$SpringCGLIB$$0] is not eligible for getting processed by all BeanPostProcessors (for example: not eligible for auto-proxying). Is this bean getting eagerly injected into a currently created BeanPostProcessor [annotationActionEndpointMapping]? Check the corresponding BeanPostProcessor declaration and its dependencies.
2026-01-22T08:30:13.687+01:00  WARN 555080 --- [           main] trationDelegate$BeanPostProcessorChecker : Bean 'org.springframework.ws.config.annotation.DelegatingWsConfiguration' of type [org.springframework.ws.config.annotation.DelegatingWsConfiguration$$SpringCGLIB$$0] is not eligible for getting processed by all BeanPostProcessors (for example: not eligible for auto-proxying). The currently created BeanPostProcessor [annotationActionEndpointMapping] is declared through a non-static factory method on that class; consider declaring it as static instead.
2026-01-22T08:30:13.689+01:00  INFO 555080 --- [           main] .w.s.a.s.AnnotationActionEndpointMapping : Supporting [WS-Addressing August 2004, WS-Addressing 1.0]
2026-01-22T08:30:13.767+01:00  INFO 555080 --- [           main] o.s.b.w.embedded.tomcat.TomcatWebServer  : Tomcat initialized with port 0 (http)
2026-01-22T08:30:13.769+01:00  INFO 555080 --- [           main] o.apache.catalina.core.StandardService   : Starting service [Tomcat]
2026-01-22T08:30:13.770+01:00  INFO 555080 --- [           main] o.apache.catalina.core.StandardEngine    : Starting Servlet engine: [Apache Tomcat/10.1.20]
2026-01-22T08:30:13.815+01:00  INFO 555080 --- [           main] o.a.c.c.C.[Tomcat-1].[localhost].[/]     : Initializing Spring embedded WebApplicationContext
2026-01-22T08:30:13.815+01:00  INFO 555080 --- [           main] w.s.c.ServletWebServerApplicationContext : Root WebApplicationContext: initialization completed in 766 ms
2026-01-22T08:30:13.922+01:00  INFO 555080 --- [           main] o.hibernate.jpa.internal.util.LogHelper  : HHH000204: Processing PersistenceUnitInfo [name: default]
2026-01-22T08:30:13.929+01:00  INFO 555080 --- [           main] o.h.c.internal.RegionFactoryInitiator    : HHH000026: Second-level cache disabled
2026-01-22T08:30:13.939+01:00  INFO 555080 --- [           main] o.s.o.j.p.SpringPersistenceUnitInfo      : No LoadTimeWeaver setup: ignoring JPA class transformer
2026-01-22T08:30:13.941+01:00  INFO 555080 --- [           main] com.zaxxer.hikari.HikariDataSource       : HikariPool-2 - Starting...
2026-01-22T08:30:13.943+01:00  INFO 555080 --- [           main] com.zaxxer.hikari.pool.HikariPool        : HikariPool-2 - Added connection conn10: url=jdbc:h2:mem:testdb user=SA
2026-01-22T08:30:13.943+01:00  INFO 555080 --- [           main] com.zaxxer.hikari.HikariDataSource       : HikariPool-2 - Start completed.
2026-01-22T08:30:14.195+01:00  INFO 555080 --- [           main] o.h.e.t.j.p.i.JtaPlatformInitiator       : HHH000489: No JTA platform available (set 'hibernate.transaction.jta.platform' to enable JTA platform integration)
2026-01-22T08:30:14.219+01:00  INFO 555080 --- [           main] j.LocalContainerEntityManagerFactoryBean : Initialized JPA EntityManagerFactory for persistence unit 'default'
2026-01-22T08:30:14.392+01:00  INFO 555080 --- [           main] o.f.s.b.c.CmmnEngineAutoConfiguration    : No deployment resources were found for autodeployment
2026-01-22T08:30:14.453+01:00  INFO 555080 --- [           main] o.f.s.b.dmn.DmnEngineAutoConfiguration   : No deployment resources were found for autodeployment
2026-01-22T08:30:14.471+01:00  INFO 555080 --- [           main] o.f.s.b.e.EventRegistryAutoConfiguration : No deployment resources were found for autodeployment
2026-01-22T08:30:14.496+01:00  INFO 555080 --- [           main] o.f.s.b.app.AppEngineAutoConfiguration   : No deployment resources were found for autodeployment
2026-01-22T08:30:14.516+01:00  INFO 555080 --- [           main] o.f.a.s.SpringAppEngineConfiguration     : Found 5 Engine Configurators in total:
2026-01-22T08:30:14.516+01:00  INFO 555080 --- [           main] o.f.a.s.SpringAppEngineConfiguration     : class org.flowable.engine.spring.configurator.SpringProcessEngineConfigurator (priority:50000)
2026-01-22T08:30:14.517+01:00  INFO 555080 --- [           main] o.f.a.s.SpringAppEngineConfiguration     : class org.flowable.eventregistry.spring.configurator.SpringEventRegistryConfigurator (priority:100000)
2026-01-22T08:30:14.517+01:00  INFO 555080 --- [           main] o.f.a.s.SpringAppEngineConfiguration     : class org.flowable.idm.spring.configurator.SpringIdmEngineConfigurator (priority:150000)
2026-01-22T08:30:14.517+01:00  INFO 555080 --- [           main] o.f.a.s.SpringAppEngineConfiguration     : class org.flowable.dmn.spring.configurator.SpringDmnEngineConfigurator (priority:200000)
2026-01-22T08:30:14.517+01:00  INFO 555080 --- [           main] o.f.a.s.SpringAppEngineConfiguration     : class org.flowable.cmmn.spring.configurator.SpringCmmnEngineConfigurator (priority:500000)
2026-01-22T08:30:14.517+01:00  INFO 555080 --- [           main] o.f.a.s.SpringAppEngineConfiguration     : Executing beforeInit() of class org.flowable.engine.spring.configurator.SpringProcessEngineConfigurator (priority:50000)
2026-01-22T08:30:14.521+01:00  INFO 555080 --- [           main] o.f.a.s.SpringAppEngineConfiguration     : Executing beforeInit() of class org.flowable.eventregistry.spring.configurator.SpringEventRegistryConfigurator (priority:100000)
2026-01-22T08:30:14.523+01:00  INFO 555080 --- [           main] o.f.a.s.SpringAppEngineConfiguration     : Executing beforeInit() of class org.flowable.idm.spring.configurator.SpringIdmEngineConfigurator (priority:150000)
2026-01-22T08:30:14.527+01:00  INFO 555080 --- [           main] o.f.a.s.SpringAppEngineConfiguration     : Executing beforeInit() of class org.flowable.dmn.spring.configurator.SpringDmnEngineConfigurator (priority:200000)
2026-01-22T08:30:14.530+01:00  INFO 555080 --- [           main] o.f.a.s.SpringAppEngineConfiguration     : Executing beforeInit() of class org.flowable.cmmn.spring.configurator.SpringCmmnEngineConfigurator (priority:500000)
2026-01-22T08:30:15.845+01:00  INFO 555080 --- [           main] o.f.a.s.SpringAppEngineConfiguration     : Executing configure() of class org.flowable.engine.spring.configurator.SpringProcessEngineConfigurator (priority:50000)
2026-01-22T08:30:15.858+01:00  INFO 555080 --- [           main] o.f.engine.impl.ProcessEngineImpl        : ProcessEngine default created
2026-01-22T08:30:15.862+01:00  INFO 555080 --- [           main] o.f.e.impl.cmd.ValidateV5EntitiesCmd     : Total of v5 deployments found: 0
2026-01-22T08:30:15.869+01:00  INFO 555080 --- [           main] o.f.a.s.SpringAppEngineConfiguration     : Executing configure() of class org.flowable.eventregistry.spring.configurator.SpringEventRegistryConfigurator (priority:100000)
2026-01-22T08:30:15.874+01:00  INFO 555080 --- [           main] liquibase.database                       : Set default schema name to PUBLIC
2026-01-22T08:30:16.017+01:00  INFO 555080 --- [           main] liquibase.changelog                      : Reading from PUBLIC.FLW_EV_DATABASECHANGELOG
2026-01-22T08:30:16.044+01:00  INFO 555080 --- [           main] liquibase.lockservice                    : Successfully acquired change log lock
2026-01-22T08:30:16.045+01:00  INFO 555080 --- [           main] liquibase.command                        : Using deploymentId: 9067016044
2026-01-22T08:30:16.046+01:00  INFO 555080 --- [           main] liquibase.changelog                      : Reading from PUBLIC.FLW_EV_DATABASECHANGELOG

UPDATE SUMMARY
Run:                          0
Previously run:               3
Filtered out:                 0
-------------------------------
Total change sets:            3

2026-01-22T08:30:16.052+01:00  INFO 555080 --- [           main] liquibase.util                           : UPDATE SUMMARY
2026-01-22T08:30:16.052+01:00  INFO 555080 --- [           main] liquibase.util                           : Run:                          0
2026-01-22T08:30:16.052+01:00  INFO 555080 --- [           main] liquibase.util                           : Previously run:               3
2026-01-22T08:30:16.052+01:00  INFO 555080 --- [           main] liquibase.util                           : Filtered out:                 0
2026-01-22T08:30:16.052+01:00  INFO 555080 --- [           main] liquibase.util                           : -------------------------------
2026-01-22T08:30:16.052+01:00  INFO 555080 --- [           main] liquibase.util                           : Total change sets:            3
2026-01-22T08:30:16.052+01:00  INFO 555080 --- [           main] liquibase.util                           : Update summary generated
2026-01-22T08:30:16.052+01:00  INFO 555080 --- [           main] liquibase.command                        : Update command completed successfully.
Liquibase: Update has been successful. Rows affected: 0
2026-01-22T08:30:16.054+01:00  INFO 555080 --- [           main] liquibase.lockservice                    : Successfully released change log lock
2026-01-22T08:30:16.054+01:00  INFO 555080 --- [           main] liquibase.command                        : Command execution complete
2026-01-22T08:30:16.055+01:00  INFO 555080 --- [           main] o.f.e.impl.EventRegistryEngineImpl       : EventRegistryEngine default created
2026-01-22T08:30:16.055+01:00  INFO 555080 --- [           main] o.f.a.s.SpringAppEngineConfiguration     : Executing configure() of class org.flowable.idm.spring.configurator.SpringIdmEngineConfigurator (priority:150000)
2026-01-22T08:30:16.057+01:00  INFO 555080 --- [           main] o.f.idm.engine.impl.IdmEngineImpl        : IdmEngine default created
2026-01-22T08:30:16.057+01:00  INFO 555080 --- [           main] o.f.a.s.SpringAppEngineConfiguration     : Executing configure() of class org.flowable.dmn.spring.configurator.SpringDmnEngineConfigurator (priority:200000)
2026-01-22T08:30:16.060+01:00  INFO 555080 --- [           main] liquibase.database                       : Set default schema name to PUBLIC
2026-01-22T08:30:16.259+01:00  INFO 555080 --- [           main] liquibase.changelog                      : Reading from PUBLIC.ACT_DMN_DATABASECHANGELOG
2026-01-22T08:30:16.284+01:00  INFO 555080 --- [           main] liquibase.lockservice                    : Successfully acquired change log lock
2026-01-22T08:30:16.285+01:00  INFO 555080 --- [           main] liquibase.command                        : Using deploymentId: 9067016285
2026-01-22T08:30:16.287+01:00  INFO 555080 --- [           main] liquibase.changelog                      : Reading from PUBLIC.ACT_DMN_DATABASECHANGELOG

UPDATE SUMMARY
Run:                          0
Previously run:               8
Filtered out:                 1
-------------------------------
Total change sets:            9


FILTERED CHANGE SETS SUMMARY
DBMS mismatch:                1

2026-01-22T08:30:16.293+01:00  INFO 555080 --- [           main] liquibase.util                           : UPDATE SUMMARY
2026-01-22T08:30:16.294+01:00  INFO 555080 --- [           main] liquibase.util                           : Run:                          0
2026-01-22T08:30:16.294+01:00  INFO 555080 --- [           main] liquibase.util                           : Previously run:               8
2026-01-22T08:30:16.294+01:00  INFO 555080 --- [           main] liquibase.util                           : Filtered out:                 1
2026-01-22T08:30:16.294+01:00  INFO 555080 --- [           main] liquibase.util                           : -------------------------------
2026-01-22T08:30:16.294+01:00  INFO 555080 --- [           main] liquibase.util                           : Total change sets:            9
2026-01-22T08:30:16.294+01:00  INFO 555080 --- [           main] liquibase.util                           : FILTERED CHANGE SETS SUMMARY
2026-01-22T08:30:16.294+01:00  INFO 555080 --- [           main] liquibase.util                           : DBMS mismatch:                1
2026-01-22T08:30:16.294+01:00  INFO 555080 --- [           main] liquibase.util                           : Update summary generated
2026-01-22T08:30:16.295+01:00  INFO 555080 --- [           main] liquibase.command                        : Update command completed successfully.
Liquibase: Update has been successful. Rows affected: 0
2026-01-22T08:30:16.297+01:00  INFO 555080 --- [           main] liquibase.lockservice                    : Successfully released change log lock
2026-01-22T08:30:16.297+01:00  INFO 555080 --- [           main] liquibase.command                        : Command execution complete
2026-01-22T08:30:16.297+01:00  INFO 555080 --- [           main] o.f.dmn.engine.impl.DmnEngineImpl        : DmnEngine default created
2026-01-22T08:30:16.298+01:00  INFO 555080 --- [           main] o.f.a.s.SpringAppEngineConfiguration     : Executing configure() of class org.flowable.cmmn.spring.configurator.SpringCmmnEngineConfigurator (priority:500000)
2026-01-22T08:30:16.305+01:00  INFO 555080 --- [           main] liquibase.database                       : Set default schema name to PUBLIC
2026-01-22T08:30:16.755+01:00  INFO 555080 --- [           main] liquibase.changelog                      : Reading from PUBLIC.ACT_CMMN_DATABASECHANGELOG
2026-01-22T08:30:16.852+01:00  INFO 555080 --- [           main] liquibase.lockservice                    : Successfully acquired change log lock
2026-01-22T08:30:16.853+01:00  INFO 555080 --- [           main] liquibase.command                        : Using deploymentId: 9067016853
2026-01-22T08:30:16.854+01:00  INFO 555080 --- [           main] liquibase.changelog                      : Reading from PUBLIC.ACT_CMMN_DATABASECHANGELOG

UPDATE SUMMARY
Run:                          0
Previously run:              16
Filtered out:                 2
-------------------------------
Total change sets:           18


FILTERED CHANGE SETS SUMMARY
DBMS mismatch:                2

2026-01-22T08:30:16.869+01:00  INFO 555080 --- [           main] liquibase.util                           : UPDATE SUMMARY
2026-01-22T08:30:16.869+01:00  INFO 555080 --- [           main] liquibase.util                           : Run:                          0
2026-01-22T08:30:16.869+01:00  INFO 555080 --- [           main] liquibase.util                           : Previously run:              16
2026-01-22T08:30:16.869+01:00  INFO 555080 --- [           main] liquibase.util                           : Filtered out:                 2
2026-01-22T08:30:16.869+01:00  INFO 555080 --- [           main] liquibase.util                           : -------------------------------
2026-01-22T08:30:16.869+01:00  INFO 555080 --- [           main] liquibase.util                           : Total change sets:           18
2026-01-22T08:30:16.870+01:00  INFO 555080 --- [           main] liquibase.util                           : FILTERED CHANGE SETS SUMMARY
2026-01-22T08:30:16.870+01:00  INFO 555080 --- [           main] liquibase.util                           : DBMS mismatch:                2
2026-01-22T08:30:16.870+01:00  INFO 555080 --- [           main] liquibase.util                           : Update summary generated
2026-01-22T08:30:16.870+01:00  INFO 555080 --- [           main] liquibase.command                        : Update command completed successfully.
Liquibase: Update has been successful. Rows affected: 0
2026-01-22T08:30:16.872+01:00  INFO 555080 --- [           main] liquibase.lockservice                    : Successfully released change log lock
2026-01-22T08:30:16.872+01:00  INFO 555080 --- [           main] liquibase.command                        : Command execution complete
2026-01-22T08:30:16.873+01:00  INFO 555080 --- [           main] o.f.cmmn.engine.impl.CmmnEngineImpl      : CmmnEngine default created
2026-01-22T08:30:16.876+01:00  INFO 555080 --- [           main] liquibase.database                       : Set default schema name to PUBLIC
2026-01-22T08:30:16.949+01:00  INFO 555080 --- [           main] liquibase.changelog                      : Reading from PUBLIC.ACT_APP_DATABASECHANGELOG
2026-01-22T08:30:16.971+01:00  INFO 555080 --- [           main] liquibase.lockservice                    : Successfully acquired change log lock
2026-01-22T08:30:16.972+01:00  INFO 555080 --- [           main] liquibase.command                        : Using deploymentId: 9067016972
2026-01-22T08:30:16.974+01:00  INFO 555080 --- [           main] liquibase.changelog                      : Reading from PUBLIC.ACT_APP_DATABASECHANGELOG

UPDATE SUMMARY
Run:                          0
Previously run:               2
Filtered out:                 1
-------------------------------
Total change sets:            3


FILTERED CHANGE SETS SUMMARY
DBMS mismatch:                1

2026-01-22T08:30:16.979+01:00  INFO 555080 --- [           main] liquibase.util                           : UPDATE SUMMARY
2026-01-22T08:30:16.980+01:00  INFO 555080 --- [           main] liquibase.util                           : Run:                          0
2026-01-22T08:30:16.980+01:00  INFO 555080 --- [           main] liquibase.util                           : Previously run:               2
2026-01-22T08:30:16.980+01:00  INFO 555080 --- [           main] liquibase.util                           : Filtered out:                 1
2026-01-22T08:30:16.980+01:00  INFO 555080 --- [           main] liquibase.util                           : -------------------------------
2026-01-22T08:30:16.980+01:00  INFO 555080 --- [           main] liquibase.util                           : Total change sets:            3
2026-01-22T08:30:16.980+01:00  INFO 555080 --- [           main] liquibase.util                           : FILTERED CHANGE SETS SUMMARY
2026-01-22T08:30:16.980+01:00  INFO 555080 --- [           main] liquibase.util                           : DBMS mismatch:                1
2026-01-22T08:30:16.980+01:00  INFO 555080 --- [           main] liquibase.util                           : Update summary generated
2026-01-22T08:30:16.981+01:00  INFO 555080 --- [           main] liquibase.command                        : Update command completed successfully.
Liquibase: Update has been successful. Rows affected: 0
2026-01-22T08:30:16.982+01:00  INFO 555080 --- [           main] liquibase.lockservice                    : Successfully released change log lock
2026-01-22T08:30:16.983+01:00  INFO 555080 --- [           main] liquibase.command                        : Command execution complete
2026-01-22T08:30:16.983+01:00  INFO 555080 --- [           main] o.f.app.engine.impl.AppEngineImpl        : AppEngine default created
gRPC Server started on port 0
2026-01-22T08:30:17.151+01:00  WARN 555080 --- [           main] JpaBaseConfiguration$JpaWebConfiguration : spring.jpa.open-in-view is enabled by default. Therefore, database queries may be performed during view rendering. Explicitly configure spring.jpa.open-in-view to disable this warning
2026-01-22T08:30:17.305+01:00  INFO 555080 --- [           main] efaultSchemaResourceGraphQlSourceBuilder : Loaded 1 resource(s) in the GraphQL schema.
2026-01-22T08:30:17.337+01:00  INFO 555080 --- [           main] o.s.b.a.g.GraphQlAutoConfiguration       : GraphQL schema inspection:
	Unmapped fields: {}
	Unmapped registrations: {}
	Skipped types: []
2026-01-22T08:30:17.341+01:00  INFO 555080 --- [           main] s.b.a.g.s.GraphQlWebMvcAutoConfiguration : GraphQL endpoint HTTP POST /graphql
2026-01-22T08:30:17.527+01:00  INFO 555080 --- [           main] o.f.s.c.DefaultAutoDeploymentStrategy    : Deploying resources [file [/home/salah/Desktop/ENSIIE/Informatique/3s/webservice/web_services/processing/target/classes/processes/insuranceClaimProcess.bpmn20.xml]] for engine org.flowable.engine.impl.ProcessEngineImpl@52425ebe deployment name hint SpringBootAutoDeployment
2026-01-22T08:30:17.541+01:00  INFO 555080 --- [           main] o.s.b.w.embedded.tomcat.TomcatWebServer  : Tomcat started on port 42021 (http) with context path ''
2026-01-22T08:30:17.549+01:00  INFO 555080 --- [           main] c.c.s.c.processing.RepositoryUnitTest    : Started RepositoryUnitTest in 4.546 seconds (process running for 30.75)
]]></system-out>
  </testcase>
  <testcase name="testFindCustomerById" classname="com.cyterafle.salahsama.claim.processing.RepositoryUnitTest" time="0.011"/>
  <testcase name="testCustomerNotFound" classname="com.cyterafle.salahsama.claim.processing.RepositoryUnitTest" time="0.01"/>
  <testcase name="testFindClaimsByCustomerId" classname="com.cyterafle.salahsama.claim.processing.RepositoryUnitTest" time="0.057"/>
  <testcase name="testClaimPolicyRelationship" classname="com.cyterafle.salahsama.claim.processing.RepositoryUnitTest" time="0.008"/>
  <testcase name="testFindAllClaims" classname="com.cyterafle.salahsama.claim.processing.RepositoryUnitTest" time="0.02"/>
  <testcase name="testFindAllCustomers" classname="com.cyterafle.salahsama.claim.processing.RepositoryUnitTest" time="0.011"/>
  <testcase name="testFindClaimById" classname="com.cyterafle.salahsama.claim.processing.RepositoryUnitTest" time="0.009"/>
</testsuite>