<?xml version="1.0" encoding="UTF-8"?>
<testsuite xmlns:xsi="http://www.w3.org/2001/XMLSchema-instance" xsi:noNamespaceSchemaLocation="https://maven.apache.org/surefire/maven-surefire-plugin/xsd/surefire-test-report-3.0.xsd" version="3.0" name="com.cyterafle.salahsama.claim.processing.FlowableWorkflowTest" time="0.314" tests="5" errors="0" skipped="0" failures="0">
  <properties>
[...]
</properties>
  <testcase name="testProcessDefinitionDeployed" classname="com.cyterafle.salahsama.claim.processing.FlowableWorkflowTest" time="0.017">
    <system-out><![CDATA[2026-01-22T08:30:17.713+01:00  INFO 555080 --- [           main] t.c.s.AnnotationConfigContextLoaderUtils : Could not detect default configuration classes for test class [com.cyterafle.salahsama.claim.processing.FlowableWorkflowTest]: FlowableWorkflowTest does not declare any static, non-private, non-final, nested classes annotated with @Configuration.
2026-01-22T08:30:17.715+01:00  INFO 555080 --- [           main] .b.t.c.SpringBootTestContextBootstrapper : Found @SpringBootConfiguration com.cyterafle.salahsama.claim.processing.ProcessingApplication for test class com.cyterafle.salahsama.claim.processing.FlowableWorkflowTest
]]></system-out>
  </testcase>
  <testcase name="testBpmnHasRequiredGateways" classname="com.cyterafle.salahsama.claim.processing.FlowableWorkflowTest" time="0.013"/>
  <testcase name="testGetProcessHistory" classname="com.cyterafle.salahsama.claim.processing.FlowableWorkflowTest" time="0.199">
    <system-out><![CDATA[=== IDENTITY VERIFICATION (REST) ===
Processing claim: 23456789-2345-2345-2345-234567890123
Identity verified: true
=== POLICY VALIDATION (SOAP) ===
Policy Number: POL-HEALTH-001
Policy valid: false - Policy is inactive or expired
=== FRAUD DETECTION (gRPC) ===
Analyzing claim: 23456789-2345-2345-2345-234567890123
Fraud risk level: LOW (Score: 13.059209755863261)
=== CUSTOMER NOTIFICATION (REST) ===
Notifying customer for claim: 23456789-2345-2345-2345-234567890123
Notification sent: Your claim has been rejected. Your policy does not cover this claim.
Final status: POLICY_INVALID
]]></system-out>
  </testcase>
  <testcase name="testProcessDefinitionIsExecutable" classname="com.cyterafle.salahsama.claim.processing.FlowableWorkflowTest" time="0.008"/>
  <testcase name="testStartClaimProcess" classname="com.cyterafle.salahsama.claim.processing.FlowableWorkflowTest" time="0.062">
    <system-out><![CDATA[=== IDENTITY VERIFICATION (REST) ===
Processing claim: 12345678-1234-1234-1234-123456789012
Identity verified: true
=== POLICY VALIDATION (SOAP) ===
Policy Number: POL-AUTO-001
Policy valid: false - Policy is inactive or expired
=== FRAUD DETECTION (gRPC) ===
Analyzing claim: 12345678-1234-1234-1234-123456789012
Fraud risk level: LOW (Score: 14.241765900100846)
=== CUSTOMER NOTIFICATION (REST) ===
Notifying customer for claim: 12345678-1234-1234-1234-123456789012
Notification sent: Your claim has been rejected. Your policy does not cover this claim.
Final status: POLICY_INVALID
]]></system-out>
  </testcase>
</testsuite>