<?xml version="1.0" encoding="UTF-8"?>
<testsuite xmlns:xsi="http://www.w3.org/2001/XMLSchema-instance" xsi:noNamespaceSchemaLocation="https://maven.apache.org/surefire/maven-surefire-plugin/xsd/surefire-test-report-3.0.xsd" version="3.0" name="com.cyterafle.salahsama.claim.processing.GraphQLServiceTest" time="23.849" tests="4" errors="0" skipped="0" failures="0">
  <properties>
[...]
</properties>
  <testcase name="testGraphQLEndpointAvailable" classname="com.cyterafle.salahsama.claim.processing.GraphQLServiceTest" time="1.395">
    <system-out><![CDATA[08:29:47.038 [main] INFO org.springframework.test.context.support.AnnotationConfigContextLoaderUtils -- Could not detect default configuration classes for test class [com.cyterafle.salahsama.claim.processing.GraphQLServiceTest]: GraphQLServiceTest does not declare any static, non-private, non-final, nested classes annotated with @Configuration.
08:29:47.272 [main] INFO org.springframework.boot.test.context.SpringBootTestContextBootstrapper -- Found @SpringBootConfiguration com.cyterafle.salahsama.claim.processing.ProcessingApplication for test class com.cyterafle.salahsama.claim.processing.GraphQLServiceTest

  .   ____          _            __ _ _
 /\\ / ___'_ __ _ _(_)_ __  __ _ \ \ \ \
( ( )\___ | '_ | '_| | '_ \/ _` | \ \ \ \
 \\/  ___)| |_)| | | | | || (_| |  ) ) ) )
  '  |____| .__|_| |_|_| |_\__, | / / / /
 =========|_|==============|___/=/_/_/_/
 :: Spring Boot ::                (v3.2.5)

2026-01-22T08:29:48.085+01:00  INFO 555080 --- [           main] c.c.s.c.processing.GraphQLServiceTest    : Starting GraphQLServiceTest using Java 17.0.17 with PID 555080 (started by salah in /home/salah/Desktop/ENSIIE/Informatique/3s/webservice/web_services/processing)
2026-01-22T08:29:48.088+01:00  INFO 555080 --- [           main] c.c.s.c.processing.GraphQLServiceTest    : No active profile set, falling back to 1 default profile: "default"
2026-01-22T08:29:50.268+01:00  INFO 555080 --- [           main] .s.d.r.c.RepositoryConfigurationDelegate : Bootstrapping Spring Data JPA repositories in DEFAULT mode.
2026-01-22T08:29:50.610+01:00  INFO 555080 --- [           main] .s.d.r.c.RepositoryConfigurationDelegate : Finished Spring Data repository scanning in 326 ms. Found 4 JPA repository interfaces.
2026-01-22T08:29:51.267+01:00  WARN 555080 --- [           main] trationDelegate$BeanPostProcessorChecker : Bean 'webServiceConfig' of type [com.cyterafle.salahsama.claim.processing.soap.WebServiceConfig$$SpringCGLIB$$0] is not eligible for getting processed by all BeanPostProcessors (for example: not eligible for auto-proxying). Is this bean getting eagerly injected into a currently created BeanPostProcessor [annotationActionEndpointMapping]? Check the corresponding BeanPostProcessor declaration and its dependencies.
2026-01-22T08:29:51.269+01:00  WARN 555080 --- [           main] trationDelegate$BeanPostProcessorChecker : Bean 'org.springframework.ws.config.annotation.DelegatingWsConfiguration' of type [org.springframework.ws.config.annotation.DelegatingWsConfiguration$$SpringCGLIB$$0] is not eligible for getting processed by all BeanPostProcessors (for example: not eligible for auto-proxying). The currently created BeanPostProcessor [annotationActionEndpointMapping] is declared through a non-static factory method on that class; consider declaring it as static instead.
2026-01-22T08:29:51.402+01:00  INFO 555080 --- [           main] .w.s.a.s.AnnotationActionEndpointMapping : Supporting [WS-Addressing August 2004, WS-Addressing 1.0]
2026-01-22T08:29:51.931+01:00  INFO 555080 --- [           main] o.s.b.w.embedded.tomcat.TomcatWebServer  : Tomcat initialized with port 0 (http)
2026-01-22T08:29:51.950+01:00  INFO 555080 --- [           main] o.apache.catalina.core.StandardService   : Starting service [Tomcat]
2026-01-22T08:29:51.951+01:00  INFO 555080 --- [           main] o.apache.catalina.core.StandardEngine    : Starting Servlet engine: [Apache Tomcat/10.1.20]
2026-01-22T08:29:52.113+01:00  INFO 555080 --- [           main] o.a.c.c.C.[Tomcat].[localhost].[/]       : Initializing Spring embedded WebApplicationContext
2026-01-22T08:29:52.116+01:00  INFO 555080 --- [           main] w.s.c.ServletWebServerApplicationContext : Root WebApplicationContext: initialization completed in 3999 ms
2026-01-22T08:29:52.531+01:00  INFO 555080 --- [           main] o.hibernate.jpa.internal.util.LogHelper  : HHH000204: Processing PersistenceUnitInfo [name: default]
2026-01-22T08:29:52.629+01:00  INFO 555080 --- [           main] org.hibernate.Version                    : HHH000412: Hibernate ORM core version 6.4.4.Final
2026-01-22T08:29:52.698+01:00  INFO 555080 --- [           main] o.h.c.internal.RegionFactoryInitiator    : HHH000026: Second-level cache disabled
2026-01-22T08:29:53.048+01:00  INFO 555080 --- [           main] o.s.o.j.p.SpringPersistenceUnitInfo      : No LoadTimeWeaver setup: ignoring JPA class transformer
2026-01-22T08:29:53.089+01:00  INFO 555080 --- [           main] com.zaxxer.hikari.HikariDataSource       : HikariPool-1 - Starting...
2026-01-22T08:29:53.416+01:00  INFO 555080 --- [           main] com.zaxxer.hikari.pool.HikariPool        : HikariPool-1 - Added connection conn0: url=jdbc:h2:mem:testdb user=SA
2026-01-22T08:29:53.419+01:00  INFO 555080 --- [           main] com.zaxxer.hikari.HikariDataSource       : HikariPool-1 - Start completed.
2026-01-22T08:29:54.995+01:00  INFO 555080 --- [           main] o.h.e.t.j.p.i.JtaPlatformInitiator       : HHH000489: No JTA platform available (set 'hibernate.transaction.jta.platform' to enable JTA platform integration)
2026-01-22T08:29:55.176+01:00  INFO 555080 --- [           main] j.LocalContainerEntityManagerFactoryBean : Initialized JPA EntityManagerFactory for persistence unit 'default'
2026-01-22T08:29:55.942+01:00  INFO 555080 --- [           main] o.f.s.b.c.CmmnEngineAutoConfiguration    : No deployment resources were found for autodeployment
2026-01-22T08:29:56.064+01:00  INFO 555080 --- [           main] o.f.s.b.dmn.DmnEngineAutoConfiguration   : No deployment resources were found for autodeployment
2026-01-22T08:29:56.125+01:00  INFO 555080 --- [           main] o.f.s.b.e.EventRegistryAutoConfiguration : No deployment resources were found for autodeployment
2026-01-22T08:29:56.199+01:00  INFO 555080 --- [           main] o.f.s.b.app.AppEngineAutoConfiguration   : No deployment resources were found for autodeployment
2026-01-22T08:29:56.219+01:00  INFO 555080 --- [           main] o.f.a.s.SpringAppEngineConfiguration     : Found 5 Engine Configurators in total:
2026-01-22T08:29:56.220+01:00  INFO 555080 --- [           main] o.f.a.s.SpringAppEngineConfiguration     : class org.flowable.engine.spring.configurator.SpringProcessEngineConfigurator (priority:50000)
2026-01-22T08:29:56.220+01:00  INFO 555080 --- [           main] o.f.a.s.SpringAppEngineConfiguration     : class org.flowable.eventregistry.spring.configurator.SpringEventRegistryConfigurator (priority:100000)
2026-01-22T08:29:56.220+01:00  INFO 555080 --- [           main] o.f.a.s.SpringAppEngineConfiguration     : class org.flowable.idm.spring.configurator.SpringIdmEngineConfigurator (priority:150000)
2026-01-22T08:29:56.220+01:00  INFO 555080 --- [           main] o.f.a.s.SpringAppEngineConfiguration     : class org.flowable.dmn.spring.configurator.SpringDmnEngineConfigurator (priority:200000)
2026-01-22T08:29:56.220+01:00  INFO 555080 --- [           main] o.f.a.s.SpringAppEngineConfiguration     : class org.flowable.cmmn.spring.configurator.SpringCmmnEngineConfigurator (priority:500000)
2026-01-22T08:29:56.220+01:00  INFO 555080 --- [           main] o.f.a.s.SpringAppEngineConfiguration     : Executing beforeInit() of class org.flowable.engine.spring.configurator.SpringProcessEngineConfigurator (priority:50000)
2026-01-22T08:29:56.253+01:00  INFO 555080 --- [           main] o.f.a.s.SpringAppEngineConfiguration     : Executing beforeInit() of class org.flowable.eventregistry.spring.configurator.SpringEventRegistryConfigurator (priority:100000)
2026-01-22T08:29:56.258+01:00  INFO 555080 --- [           main] o.f.a.s.SpringAppEngineConfiguration     : Executing beforeInit() of class org.flowable.idm.spring.configurator.SpringIdmEngineConfigurator (priority:150000)
2026-01-22T08:29:56.263+01:00  INFO 555080 --- [           main] o.f.a.s.SpringAppEngineConfiguration     : Executing beforeInit() of class org.flowable.dmn.spring.configurator.SpringDmnEngineConfigurator (priority:200000)
2026-01-22T08:29:56.269+01:00  INFO 555080 --- [           main] o.f.a.s.SpringAppEngineConfiguration     : Executing beforeInit() of class org.flowable.cmmn.spring.configurator.SpringCmmnEngineConfigurator (priority:500000)
2026-01-22T08:29:58.503+01:00  INFO 555080 --- [           main] o.f.a.s.SpringAppEngineConfiguration     : Executing configure() of class org.flowable.engine.spring.configurator.SpringProcessEngineConfigurator (priority:50000)
2026-01-22T08:29:58.795+01:00  INFO 555080 --- [           main] o.f.c.e.impl.db.CommonDbSchemaManager    : performing create on common with resource org/flowable/common/db/create/flowable.h2.create.common.sql
2026-01-22T08:29:58.803+01:00  INFO 555080 --- [           main] o.f.i.s.i.d.IdentityLinkDbSchemaManager  : performing create on identitylink with resource org/flowable/identitylink/service/db/create/flowable.h2.create.identitylink.sql
2026-01-22T08:29:58.812+01:00  INFO 555080 --- [           main] o.f.i.s.i.d.IdentityLinkDbSchemaManager  : performing create on identitylink.history with resource org/flowable/identitylink/service/db/create/flowable.h2.create.identitylink.history.sql
2026-01-22T08:29:58.821+01:00  INFO 555080 --- [           main] o.f.e.s.i.db.EntityLinkDbSchemaManager   : performing create on entitylink with resource org/flowable/entitylink/service/db/create/flowable.h2.create.entitylink.sql
2026-01-22T08:29:58.827+01:00  INFO 555080 --- [           main] o.f.e.s.i.db.EntityLinkDbSchemaManager   : performing create on entitylink.history with resource org/flowable/entitylink/service/db/create/flowable.h2.create.entitylink.history.sql
2026-01-22T08:29:58.833+01:00  INFO 555080 --- [           main] e.s.i.d.EventSubscriptionDbSchemaManager : performing create on eventsubscription with resource org/flowable/eventsubscription/service/db/create/flowable.h2.create.eventsubscription.sql
2026-01-22T08:29:58.839+01:00  INFO 555080 --- [           main] o.f.t.s.impl.db.TaskDbSchemaManager      : performing create on task with resource org/flowable/task/service/db/create/flowable.h2.create.task.sql
2026-01-22T08:29:58.845+01:00  INFO 555080 --- [           main] o.f.t.s.impl.db.TaskDbSchemaManager      : performing create on task.history with resource org/flowable/task/service/db/create/flowable.h2.create.task.history.sql
2026-01-22T08:29:58.860+01:00  INFO 555080 --- [           main] o.f.v.s.impl.db.VariableDbSchemaManager  : performing create on variable with resource org/flowable/variable/service/db/create/flowable.h2.create.variable.sql
2026-01-22T08:29:58.868+01:00  INFO 555080 --- [           main] o.f.v.s.impl.db.VariableDbSchemaManager  : performing create on variable.history with resource org/flowable/variable/service/db/create/flowable.h2.create.variable.history.sql
2026-01-22T08:29:58.875+01:00  INFO 555080 --- [           main] o.f.j.s.impl.db.JobDbSchemaManager       : performing create on job with resource org/flowable/job/service/db/create/flowable.h2.create.job.sql
2026-01-22T08:29:58.929+01:00  INFO 555080 --- [           main] o.f.b.s.impl.db.BatchDbSchemaManager     : performing create on batch with resource org/flowable/batch/service/db/create/flowable.h2.create.batch.sql
2026-01-22T08:29:58.937+01:00  INFO 555080 --- [           main] o.f.e.impl.db.ProcessDbSchemaManager     : performing create on engine with resource org/flowable/db/create/flowable.h2.create.engine.sql
2026-01-22T08:29:59.032+01:00  INFO 555080 --- [           main] o.f.e.impl.db.ProcessDbSchemaManager     : performing create on history with resource org/flowable/db/create/flowable.h2.create.history.sql
2026-01-22T08:29:59.055+01:00  INFO 555080 --- [           main] o.f.engine.impl.ProcessEngineImpl        : ProcessEngine default created
2026-01-22T08:29:59.133+01:00  INFO 555080 --- [           main] o.f.e.impl.cmd.ValidateV5EntitiesCmd     : Total of v5 deployments found: 0
2026-01-22T08:29:59.142+01:00  INFO 555080 --- [           main] o.f.a.s.SpringAppEngineConfiguration     : Executing configure() of class org.flowable.eventregistry.spring.configurator.SpringEventRegistryConfigurator (priority:100000)
2026-01-22T08:29:59.258+01:00  INFO 555080 --- [           main] liquibase.database                       : Set default schema name to PUBLIC
2026-01-22T08:30:00.104+01:00  INFO 555080 --- [           main] liquibase.changelog                      : Creating database history table with name: PUBLIC.FLW_EV_DATABASECHANGELOG
2026-01-22T08:30:00.299+01:00  INFO 555080 --- [           main] liquibase.changelog                      : Reading from PUBLIC.FLW_EV_DATABASECHANGELOG
2026-01-22T08:30:00.495+01:00  INFO 555080 --- [           main] liquibase.lockservice                    : Successfully acquired change log lock
2026-01-22T08:30:00.497+01:00  INFO 555080 --- [           main] liquibase.command                        : Using deploymentId: 9067000496
2026-01-22T08:30:00.501+01:00  INFO 555080 --- [           main] liquibase.changelog                      : Reading from PUBLIC.FLW_EV_DATABASECHANGELOG
Running Changeset: org/flowable/eventregistry/db/liquibase/flowable-eventregistry-db-changelog.xml::1::flowable
2026-01-22T08:30:00.626+01:00  INFO 555080 --- [           main] liquibase.changelog                      : Table FLW_EVENT_DEPLOYMENT created
2026-01-22T08:30:00.633+01:00  INFO 555080 --- [           main] liquibase.changelog                      : Table FLW_EVENT_RESOURCE created
2026-01-22T08:30:00.640+01:00  INFO 555080 --- [           main] liquibase.changelog                      : Table FLW_EVENT_DEFINITION created
2026-01-22T08:30:00.645+01:00  INFO 555080 --- [           main] liquibase.changelog                      : Index ACT_IDX_EVENT_DEF_UNIQ created
2026-01-22T08:30:00.652+01:00  INFO 555080 --- [           main] liquibase.changelog                      : Table FLW_CHANNEL_DEFINITION created
2026-01-22T08:30:00.654+01:00  INFO 555080 --- [           main] liquibase.changelog                      : Index ACT_IDX_CHANNEL_DEF_UNIQ created
2026-01-22T08:30:00.655+01:00  INFO 555080 --- [           main] liquibase.changelog                      : ChangeSet org/flowable/eventregistry/db/liquibase/flowable-eventregistry-db-changelog.xml::1::flowable ran successfully in 42ms
Running Changeset: org/flowable/eventregistry/db/liquibase/flowable-eventregistry-db-changelog.xml::2::flowable
2026-01-22T08:30:00.688+01:00  INFO 555080 --- [           main] liquibase.changelog                      : Columns TYPE_(varchar(255)) added to FLW_CHANNEL_DEFINITION
2026-01-22T08:30:00.699+01:00  INFO 555080 --- [           main] liquibase.changelog                      : Columns IMPLEMENTATION_(varchar(255)) added to FLW_CHANNEL_DEFINITION
2026-01-22T08:30:00.700+01:00  INFO 555080 --- [           main] liquibase.changelog                      : ChangeSet org/flowable/eventregistry/db/liquibase/flowable-eventregistry-db-changelog.xml::2::flowable ran successfully in 26ms
Running Changeset: org/flowable/eventregistry/db/liquibase/flowable-eventregistry-db-changelog.xml::3::flowable
2026-01-22T08:30:00.723+01:00  INFO 555080 --- [           main] liquibase.changelog                      : Set Channel Definition type and implementation columns
2026-01-22T08:30:00.723+01:00  INFO 555080 --- [           main] liquibase.changelog                      : ChangeSet org/flowable/eventregistry/db/liquibase/flowable-eventregistry-db-changelog.xml::3::flowable ran successfully in 17ms

UPDATE SUMMARY
Run:                          3
Previously run:               0
Filtered out:                 0
-------------------------------
Total change sets:            3

2026-01-22T08:30:00.733+01:00  INFO 555080 --- [           main] liquibase.util                           : UPDATE SUMMARY
2026-01-22T08:30:00.733+01:00  INFO 555080 --- [           main] liquibase.util                           : Run:                          3
2026-01-22T08:30:00.733+01:00  INFO 555080 --- [           main] liquibase.util                           : Previously run:               0
2026-01-22T08:30:00.733+01:00  INFO 555080 --- [           main] liquibase.util                           : Filtered out:                 0
2026-01-22T08:30:00.733+01:00  INFO 555080 --- [           main] liquibase.util                           : -------------------------------
2026-01-22T08:30:00.734+01:00  INFO 555080 --- [           main] liquibase.util                           : Total change sets:            3
2026-01-22T08:30:00.734+01:00  INFO 555080 --- [           main] liquibase.util                           : Update summary generated
2026-01-22T08:30:00.737+01:00  INFO 555080 --- [           main] liquibase.command                        : Update command completed successfully.
Liquibase: Update has been successful. Rows affected: 3
2026-01-22T08:30:00.741+01:00  INFO 555080 --- [           main] liquibase.lockservice                    : Successfully released change log lock
2026-01-22T08:30:00.742+01:00  INFO 555080 --- [           main] liquibase.command                        : Command execution complete
2026-01-22T08:30:00.744+01:00  INFO 555080 --- [           main] o.f.e.impl.EventRegistryEngineImpl       : EventRegistryEngine default created
2026-01-22T08:30:00.746+01:00  INFO 555080 --- [           main] o.f.a.s.SpringAppEngineConfiguration     : Executing configure() of class org.flowable.idm.spring.configurator.SpringIdmEngineConfigurator (priority:150000)
2026-01-22T08:30:00.762+01:00  INFO 555080 --- [           main] o.f.i.engine.impl.db.IdmDbSchemaManager  : performing create on identity with resource org/flowable/idm/db/create/flowable.h2.create.identity.sql
2026-01-22T08:30:00.781+01:00  INFO 555080 --- [           main] o.f.idm.engine.impl.IdmEngineImpl        : IdmEngine default created
2026-01-22T08:30:00.783+01:00  INFO 555080 --- [           main] o.f.a.s.SpringAppEngineConfiguration     : Executing configure() of class org.flowable.dmn.spring.configurator.SpringDmnEngineConfigurator (priority:200000)
2026-01-22T08:30:00.816+01:00  INFO 555080 --- [           main] liquibase.database                       : Set default schema name to PUBLIC
2026-01-22T08:30:01.018+01:00  INFO 555080 --- [           main] liquibase.changelog                      : Creating database history table with name: PUBLIC.ACT_DMN_DATABASECHANGELOG
2026-01-22T08:30:01.021+01:00  INFO 555080 --- [           main] liquibase.changelog                      : Reading from PUBLIC.ACT_DMN_DATABASECHANGELOG
2026-01-22T08:30:01.083+01:00  INFO 555080 --- [           main] liquibase.lockservice                    : Successfully acquired change log lock
2026-01-22T08:30:01.083+01:00  INFO 555080 --- [           main] liquibase.command                        : Using deploymentId: 9067001083
2026-01-22T08:30:01.084+01:00  INFO 555080 --- [           main] liquibase.changelog                      : Reading from PUBLIC.ACT_DMN_DATABASECHANGELOG
Running Changeset: org/flowable/dmn/db/liquibase/flowable-dmn-db-changelog.xml::1::activiti
2026-01-22T08:30:01.146+01:00  INFO 555080 --- [           main] liquibase.changelog                      : Table ACT_DMN_DEPLOYMENT created
2026-01-22T08:30:01.149+01:00  INFO 555080 --- [           main] liquibase.changelog                      : Table ACT_DMN_DEPLOYMENT_RESOURCE created
2026-01-22T08:30:01.155+01:00  INFO 555080 --- [           main] liquibase.changelog                      : Table ACT_DMN_DECISION_TABLE created
2026-01-22T08:30:01.156+01:00  INFO 555080 --- [           main] liquibase.changelog                      : ChangeSet org/flowable/dmn/db/liquibase/flowable-dmn-db-changelog.xml::1::activiti ran successfully in 13ms
Running Changeset: org/flowable/dmn/db/liquibase/flowable-dmn-db-changelog.xml::2::flowable
2026-01-22T08:30:01.167+01:00  INFO 555080 --- [           main] liquibase.changelog                      : Table ACT_DMN_HI_DECISION_EXECUTION created
2026-01-22T08:30:01.168+01:00  INFO 555080 --- [           main] liquibase.changelog                      : ChangeSet org/flowable/dmn/db/liquibase/flowable-dmn-db-changelog.xml::2::flowable ran successfully in 5ms
Running Changeset: org/flowable/dmn/db/liquibase/flowable-dmn-db-changelog.xml::3::flowable
2026-01-22T08:30:01.181+01:00  INFO 555080 --- [           main] liquibase.changelog                      : Columns SCOPE_TYPE_(varchar(255)) added to ACT_DMN_HI_DECISION_EXECUTION
2026-01-22T08:30:01.182+01:00  INFO 555080 --- [           main] liquibase.changelog                      : ChangeSet org/flowable/dmn/db/liquibase/flowable-dmn-db-changelog.xml::3::flowable ran successfully in 9ms
Running Changeset: org/flowable/dmn/db/liquibase/flowable-dmn-db-changelog.xml::4::flowable
2026-01-22T08:30:01.193+01:00  INFO 555080 --- [           main] liquibase.changelog                      : Column ACT_DMN_DECISION_TABLE.PARENT_DEPLOYMENT_ID_ dropped
2026-01-22T08:30:01.193+01:00  INFO 555080 --- [           main] liquibase.changelog                      : ChangeSet org/flowable/dmn/db/liquibase/flowable-dmn-db-changelog.xml::4::flowable ran successfully in 7ms
Running Changeset: org/flowable/dmn/db/liquibase/flowable-dmn-db-changelog.xml::6::flowable
2026-01-22T08:30:01.203+01:00  INFO 555080 --- [           main] liquibase.changelog                      : Index ACT_IDX_DEC_TBL_UNIQ created
2026-01-22T08:30:01.204+01:00  INFO 555080 --- [           main] liquibase.changelog                      : ChangeSet org/flowable/dmn/db/liquibase/flowable-dmn-db-changelog.xml::6::flowable ran successfully in 4ms
Running Changeset: org/flowable/dmn/db/liquibase/flowable-dmn-db-changelog.xml::7::flowable
2026-01-22T08:30:01.210+01:00  INFO 555080 --- [           main] liquibase.changelog                      : Index ACT_IDX_DEC_TBL_UNIQ dropped from table ACT_DMN_DECISION_TABLE
2026-01-22T08:30:01.212+01:00  INFO 555080 --- [           main] liquibase.changelog                      : Table ACT_DMN_DECISION_TABLE renamed to ACT_DMN_DECISION
2026-01-22T08:30:01.214+01:00  INFO 555080 --- [           main] liquibase.changelog                      : Index ACT_IDX_DMN_DEC_UNIQ created
2026-01-22T08:30:01.214+01:00  INFO 555080 --- [           main] liquibase.changelog                      : ChangeSet org/flowable/dmn/db/liquibase/flowable-dmn-db-changelog.xml::7::flowable ran successfully in 5ms
Running Changeset: org/flowable/dmn/db/liquibase/flowable-dmn-db-changelog.xml::8::flowable
2026-01-22T08:30:01.226+01:00  INFO 555080 --- [           main] liquibase.changelog                      : Columns DECISION_TYPE_(varchar(255)) added to ACT_DMN_DECISION
2026-01-22T08:30:01.226+01:00  INFO 555080 --- [           main] liquibase.changelog                      : ChangeSet org/flowable/dmn/db/liquibase/flowable-dmn-db-changelog.xml::8::flowable ran successfully in 5ms
Running Changeset: org/flowable/dmn/db/liquibase/flowable-dmn-db-changelog.xml::9::flowable
2026-01-22T08:30:01.233+01:00  INFO 555080 --- [           main] liquibase.changelog                      : Index ACT_IDX_DMN_INSTANCE_ID created
2026-01-22T08:30:01.234+01:00  INFO 555080 --- [           main] liquibase.changelog                      : ChangeSet org/flowable/dmn/db/liquibase/flowable-dmn-db-changelog.xml::9::flowable ran successfully in 3ms

UPDATE SUMMARY
Run:                          8
Previously run:               0
Filtered out:                 1
-------------------------------
Total change sets:            9


FILTERED CHANGE SETS SUMMARY
DBMS mismatch:                1

2026-01-22T08:30:01.239+01:00  INFO 555080 --- [           main] liquibase.util                           : UPDATE SUMMARY
2026-01-22T08:30:01.239+01:00  INFO 555080 --- [           main] liquibase.util                           : Run:                          8
2026-01-22T08:30:01.239+01:00  INFO 555080 --- [           main] liquibase.util                           : Previously run:               0
2026-01-22T08:30:01.239+01:00  INFO 555080 --- [           main] liquibase.util                           : Filtered out:                 1
2026-01-22T08:30:01.239+01:00  INFO 555080 --- [           main] liquibase.util                           : -------------------------------
2026-01-22T08:30:01.239+01:00  INFO 555080 --- [           main] liquibase.util                           : Total change sets:            9
2026-01-22T08:30:01.239+01:00  INFO 555080 --- [           main] liquibase.util                           : FILTERED CHANGE SETS SUMMARY
2026-01-22T08:30:01.239+01:00  INFO 555080 --- [           main] liquibase.util                           : DBMS mismatch:                1
2026-01-22T08:30:01.242+01:00  INFO 555080 --- [           main] liquibase.util                           : Update summary generated
2026-01-22T08:30:01.243+01:00  INFO 555080 --- [           main] liquibase.command                        : Update command completed successfully.
Liquibase: Update has been successful. Rows affected: 8
2026-01-22T08:30:01.245+01:00  INFO 555080 --- [           main] liquibase.lockservice                    : Successfully released change log lock
2026-01-22T08:30:01.246+01:00  INFO 555080 --- [           main] liquibase.command                        : Command execution complete
2026-01-22T08:30:01.247+01:00  INFO 555080 --- [           main] o.f.dmn.engine.impl.DmnEngineImpl        : DmnEngine default created
2026-01-22T08:30:01.250+01:00  INFO 555080 --- [           main] o.f.a.s.SpringAppEngineConfiguration     : Executing configure() of class org.flowable.cmmn.spring.configurator.SpringCmmnEngineConfigurator (priority:500000)
2026-01-22T08:30:01.379+01:00  INFO 555080 --- [           main] liquibase.database                       : Set default schema name to PUBLIC
2026-01-22T08:30:01.891+01:00  INFO 555080 --- [           main] liquibase.changelog                      : Creating database history table with name: PUBLIC.ACT_CMMN_DATABASECHANGELOG
2026-01-22T08:30:01.895+01:00  INFO 555080 --- [           main] liquibase.changelog                      : Reading from PUBLIC.ACT_CMMN_DATABASECHANGELOG
2026-01-22T08:30:02.054+01:00  INFO 555080 --- [           main] liquibase.lockservice                    : Successfully acquired change log lock
2026-01-22T08:30:02.055+01:00  INFO 555080 --- [           main] liquibase.command                        : Using deploymentId: 9067002055
2026-01-22T08:30:02.057+01:00  INFO 555080 --- [           main] liquibase.changelog                      : Reading from PUBLIC.ACT_CMMN_DATABASECHANGELOG
Running Changeset: org/flowable/cmmn/db/liquibase/flowable-cmmn-db-changelog.xml::1::flowable
2026-01-22T08:30:02.312+01:00  INFO 555080 --- [           main] liquibase.changelog                      : Table ACT_CMMN_DEPLOYMENT created
2026-01-22T08:30:02.317+01:00  INFO 555080 --- [           main] liquibase.changelog                      : Table ACT_CMMN_DEPLOYMENT_RESOURCE created
2026-01-22T08:30:02.324+01:00  INFO 555080 --- [           main] liquibase.changelog                      : Foreign key constraint added to ACT_CMMN_DEPLOYMENT_RESOURCE (DEPLOYMENT_ID_)
2026-01-22T08:30:02.326+01:00  INFO 555080 --- [           main] liquibase.changelog                      : Index ACT_IDX_CMMN_RSRC_DPL created
2026-01-22T08:30:02.333+01:00  INFO 555080 --- [           main] liquibase.changelog                      : Table ACT_CMMN_CASEDEF created
2026-01-22T08:30:02.337+01:00  INFO 555080 --- [           main] liquibase.changelog                      : Foreign key constraint added to ACT_CMMN_CASEDEF (DEPLOYMENT_ID_)
2026-01-22T08:30:02.342+01:00  INFO 555080 --- [           main] liquibase.changelog                      : Index ACT_IDX_CASE_DEF_DPLY created
2026-01-22T08:30:02.349+01:00  INFO 555080 --- [           main] liquibase.changelog                      : Table ACT_CMMN_RU_CASE_INST created
2026-01-22T08:30:02.352+01:00  INFO 555080 --- [           main] liquibase.changelog                      : Foreign key constraint added to ACT_CMMN_RU_CASE_INST (CASE_DEF_ID_)
2026-01-22T08:30:02.354+01:00  INFO 555080 --- [           main] liquibase.changelog                      : Index ACT_IDX_CASE_INST_CASE_DEF created
2026-01-22T08:30:02.356+01:00  INFO 555080 --- [           main] liquibase.changelog                      : Index ACT_IDX_CASE_INST_PARENT created
2026-01-22T08:30:02.361+01:00  INFO 555080 --- [           main] liquibase.changelog                      : Table ACT_CMMN_RU_PLAN_ITEM_INST created
2026-01-22T08:30:02.365+01:00  INFO 555080 --- [           main] liquibase.changelog                      : Foreign key constraint added to ACT_CMMN_RU_PLAN_ITEM_INST (CASE_DEF_ID_)
2026-01-22T08:30:02.367+01:00  INFO 555080 --- [           main] liquibase.changelog                      : Index ACT_IDX_PLAN_ITEM_CASE_DEF created
2026-01-22T08:30:02.370+01:00  INFO 555080 --- [           main] liquibase.changelog                      : Foreign key constraint added to ACT_CMMN_RU_PLAN_ITEM_INST (CASE_INST_ID_)
2026-01-22T08:30:02.372+01:00  INFO 555080 --- [           main] liquibase.changelog                      : Index ACT_IDX_PLAN_ITEM_CASE_INST created
2026-01-22T08:30:02.377+01:00  INFO 555080 --- [           main] liquibase.changelog                      : Table ACT_CMMN_RU_SENTRY_PART_INST created
2026-01-22T08:30:02.382+01:00  INFO 555080 --- [           main] liquibase.changelog                      : Foreign key constraint added to ACT_CMMN_RU_SENTRY_PART_INST (CASE_DEF_ID_)
2026-01-22T08:30:02.384+01:00  INFO 555080 --- [           main] liquibase.changelog                      : Index ACT_IDX_SENTRY_CASE_DEF created
2026-01-22T08:30:02.387+01:00  INFO 555080 --- [           main] liquibase.changelog                      : Foreign key constraint added to ACT_CMMN_RU_SENTRY_PART_INST (CASE_INST_ID_)
2026-01-22T08:30:02.389+01:00  INFO 555080 --- [           main] liquibase.changelog                      : Index ACT_IDX_SENTRY_CASE_INST created
2026-01-22T08:30:02.393+01:00  INFO 555080 --- [           main] liquibase.changelog                      : Foreign key constraint added to ACT_CMMN_RU_SENTRY_PART_INST (PLAN_ITEM_INST_ID_)
2026-01-22T08:30:02.396+01:00  INFO 555080 --- [           main] liquibase.changelog                      : Index ACT_IDX_SENTRY_PLAN_ITEM created
2026-01-22T08:30:02.400+01:00  INFO 555080 --- [           main] liquibase.changelog                      : Table ACT_CMMN_RU_MIL_INST created
2026-01-22T08:30:02.402+01:00  INFO 555080 --- [           main] liquibase.changelog                      : Foreign key constraint added to ACT_CMMN_RU_MIL_INST (CASE_DEF_ID_)
2026-01-22T08:30:02.405+01:00  INFO 555080 --- [           main] liquibase.changelog                      : Index ACT_IDX_MIL_CASE_DEF created
2026-01-22T08:30:02.408+01:00  INFO 555080 --- [           main] liquibase.changelog                      : Foreign key constraint added to ACT_CMMN_RU_MIL_INST (CASE_INST_ID_)
2026-01-22T08:30:02.410+01:00  INFO 555080 --- [           main] liquibase.changelog                      : Index ACT_IDX_MIL_CASE_INST created
2026-01-22T08:30:02.420+01:00  INFO 555080 --- [           main] liquibase.changelog                      : Table ACT_CMMN_HI_CASE_INST created
2026-01-22T08:30:02.423+01:00  INFO 555080 --- [           main] liquibase.changelog                      : Table ACT_CMMN_HI_MIL_INST created
2026-01-22T08:30:02.424+01:00  INFO 555080 --- [           main] liquibase.changelog                      : ChangeSet org/flowable/cmmn/db/liquibase/flowable-cmmn-db-changelog.xml::1::flowable ran successfully in 118ms
Running Changeset: org/flowable/cmmn/db/liquibase/flowable-cmmn-db-changelog.xml::2::flowable
2026-01-22T08:30:02.455+01:00  INFO 555080 --- [           main] liquibase.changelog                      : Columns DGRM_RESOURCE_NAME_(varchar(4000)),HAS_START_FORM_KEY_(boolean) added to ACT_CMMN_CASEDEF
2026-01-22T08:30:02.461+01:00  INFO 555080 --- [           main] liquibase.changelog                      : Columns GENERATED_(boolean) added to ACT_CMMN_DEPLOYMENT_RESOURCE
2026-01-22T08:30:02.470+01:00  INFO 555080 --- [           main] liquibase.changelog                      : Columns LOCK_TIME_(datetime) added to ACT_CMMN_RU_CASE_INST
2026-01-22T08:30:02.486+01:00  INFO 555080 --- [           main] liquibase.changelog                      : Columns ITEM_DEFINITION_ID_(varchar(255)),ITEM_DEFINITION_TYPE_(varchar(255)) added to ACT_CMMN_RU_PLAN_ITEM_INST
2026-01-22T08:30:02.487+01:00  INFO 555080 --- [           main] liquibase.changelog                      : ChangeSet org/flowable/cmmn/db/liquibase/flowable-cmmn-db-changelog.xml::2::flowable ran successfully in 50ms
Running Changeset: org/flowable/cmmn/db/liquibase/flowable-cmmn-db-changelog.xml::3::flowable
2026-01-22T08:30:02.499+01:00  INFO 555080 --- [           main] liquibase.changelog                      : Columns IS_COMPLETEABLE_(boolean) added to ACT_CMMN_RU_PLAN_ITEM_INST
2026-01-22T08:30:02.509+01:00  INFO 555080 --- [           main] liquibase.changelog                      : Columns IS_COMPLETEABLE_(boolean) added to ACT_CMMN_RU_CASE_INST
2026-01-22T08:30:02.511+01:00  INFO 555080 --- [           main] liquibase.changelog                      : Index ACT_IDX_PLAN_ITEM_STAGE_INST created
2026-01-22T08:30:02.522+01:00  INFO 555080 --- [           main] liquibase.changelog                      : Columns IS_COUNT_ENABLED_(boolean) added to ACT_CMMN_RU_PLAN_ITEM_INST
2026-01-22T08:30:02.530+01:00  INFO 555080 --- [           main] liquibase.changelog                      : Columns VAR_COUNT_(integer) added to ACT_CMMN_RU_PLAN_ITEM_INST
2026-01-22T08:30:02.537+01:00  INFO 555080 --- [           main] liquibase.changelog                      : Columns SENTRY_PART_INST_COUNT_(integer) added to ACT_CMMN_RU_PLAN_ITEM_INST
2026-01-22T08:30:02.538+01:00  INFO 555080 --- [           main] liquibase.changelog                      : ChangeSet org/flowable/cmmn/db/liquibase/flowable-cmmn-db-changelog.xml::3::flowable ran successfully in 45ms
Running Changeset: org/flowable/cmmn/db/liquibase/flowable-cmmn-db-changelog.xml::4::flowable
2026-01-22T08:30:02.550+01:00  INFO 555080 --- [           main] liquibase.changelog                      : Table ACT_CMMN_HI_PLAN_ITEM_INST created
2026-01-22T08:30:02.557+01:00  INFO 555080 --- [           main] liquibase.changelog                      : Columns TENANT_ID_(varchar(255)) added to ACT_CMMN_RU_MIL_INST
2026-01-22T08:30:02.562+01:00  INFO 555080 --- [           main] liquibase.changelog                      : Columns TENANT_ID_(varchar(255)) added to ACT_CMMN_HI_MIL_INST
2026-01-22T08:30:02.563+01:00  INFO 555080 --- [           main] liquibase.changelog                      : ChangeSet org/flowable/cmmn/db/liquibase/flowable-cmmn-db-changelog.xml::4::flowable ran successfully in 17ms
Running Changeset: org/flowable/cmmn/db/liquibase/flowable-cmmn-db-changelog.xml::6::flowable
2026-01-22T08:30:02.569+01:00  INFO 555080 --- [           main] liquibase.changelog                      : Index ACT_IDX_CASE_DEF_UNIQ created
2026-01-22T08:30:02.570+01:00  INFO 555080 --- [           main] liquibase.changelog                      : ChangeSet org/flowable/cmmn/db/liquibase/flowable-cmmn-db-changelog.xml::6::flowable ran successfully in 3ms
Running Changeset: org/flowable/cmmn/db/liquibase/flowable-cmmn-db-changelog.xml::7::flowable
2026-01-22T08:30:02.579+01:00  INFO 555080 --- [           main] liquibase.changelog                      : Column ACT_CMMN_RU_PLAN_ITEM_INST.START_TIME_ renamed to CREATE_TIME_
2026-01-22T08:30:02.581+01:00  INFO 555080 --- [           main] liquibase.changelog                      : Column ACT_CMMN_HI_PLAN_ITEM_INST.CREATED_TIME_ renamed to CREATE_TIME_
2026-01-22T08:30:02.665+01:00  INFO 555080 --- [           main] liquibase.changelog                      : Columns LAST_AVAILABLE_TIME_(datetime(3)),LAST_ENABLED_TIME_(datetime(3)),LAST_DISABLED_TIME_(datetime(3)),LAST_STARTED_TIME_(datetime(3)),LAST_SUSPENDED_TIME_(datetime(3)),COMPLETED_TIME_(datetime(3)),OCCURRED_TIME_(datetime(3)),TERMINATED_TIME_(datetime(3)),EXIT_TIME_(datetime(3)),ENDED_TIME_(datetime(3)),ENTRY_CRITERION_ID_(varchar(255)),EXIT_CRITERION_ID_(varchar(255)) added to ACT_CMMN_RU_PLAN_ITEM_INST
2026-01-22T08:30:02.674+01:00  INFO 555080 --- [           main] liquibase.changelog                      : Columns ENTRY_CRITERION_ID_(varchar(255)),EXIT_CRITERION_ID_(varchar(255)) added to ACT_CMMN_HI_PLAN_ITEM_INST
2026-01-22T08:30:02.674+01:00  INFO 555080 --- [           main] liquibase.changelog                      : ChangeSet org/flowable/cmmn/db/liquibase/flowable-cmmn-db-changelog.xml::7::flowable ran successfully in 97ms
Running Changeset: org/flowable/cmmn/db/liquibase/flowable-cmmn-db-changelog.xml::8::flowable
2026-01-22T08:30:02.685+01:00  INFO 555080 --- [           main] liquibase.changelog                      : Columns SHOW_IN_OVERVIEW_(boolean) added to ACT_CMMN_HI_PLAN_ITEM_INST
2026-01-22T08:30:02.685+01:00  INFO 555080 --- [           main] liquibase.changelog                      : ChangeSet org/flowable/cmmn/db/liquibase/flowable-cmmn-db-changelog.xml::8::flowable ran successfully in 6ms
Running Changeset: org/flowable/cmmn/db/liquibase/flowable-cmmn-db-changelog.xml::9::flowable
2026-01-22T08:30:02.694+01:00  INFO 555080 --- [           main] liquibase.changelog                      : Columns EXTRA_VALUE_(varchar(255)) added to ACT_CMMN_RU_PLAN_ITEM_INST
2026-01-22T08:30:02.699+01:00  INFO 555080 --- [           main] liquibase.changelog                      : Columns EXTRA_VALUE_(varchar(255)) added to ACT_CMMN_HI_PLAN_ITEM_INST
2026-01-22T08:30:02.699+01:00  INFO 555080 --- [           main] liquibase.changelog                      : ChangeSet org/flowable/cmmn/db/liquibase/flowable-cmmn-db-changelog.xml::9::flowable ran successfully in 10ms
Running Changeset: org/flowable/cmmn/db/liquibase/flowable-cmmn-db-changelog.xml::10::flowable
2026-01-22T08:30:02.710+01:00  INFO 555080 --- [           main] liquibase.changelog                      : Columns REFERENCE_ID_(varchar(255)) added to ACT_CMMN_RU_CASE_INST
2026-01-22T08:30:02.719+01:00  INFO 555080 --- [           main] liquibase.changelog                      : Columns REFERENCE_TYPE_(varchar(255)) added to ACT_CMMN_RU_CASE_INST
2026-01-22T08:30:02.722+01:00  INFO 555080 --- [           main] liquibase.changelog                      : Index ACT_IDX_CASE_INST_REF_ID_ created
2026-01-22T08:30:02.729+01:00  INFO 555080 --- [           main] liquibase.changelog                      : Columns REFERENCE_ID_(varchar(255)) added to ACT_CMMN_HI_CASE_INST
2026-01-22T08:30:02.733+01:00  INFO 555080 --- [           main] liquibase.changelog                      : Columns REFERENCE_TYPE_(varchar(255)) added to ACT_CMMN_HI_CASE_INST
2026-01-22T08:30:02.733+01:00  INFO 555080 --- [           main] liquibase.changelog                      : ChangeSet org/flowable/cmmn/db/liquibase/flowable-cmmn-db-changelog.xml::10::flowable ran successfully in 29ms
Running Changeset: org/flowable/cmmn/db/liquibase/flowable-cmmn-db-changelog.xml::11::flowable
2026-01-22T08:30:02.745+01:00  INFO 555080 --- [           main] liquibase.changelog                      : Columns DERIVED_CASE_DEF_ID_(varchar(255)) added to ACT_CMMN_RU_PLAN_ITEM_INST
2026-01-22T08:30:02.749+01:00  INFO 555080 --- [           main] liquibase.changelog                      : Columns DERIVED_CASE_DEF_ID_(varchar(255)) added to ACT_CMMN_HI_PLAN_ITEM_INST
2026-01-22T08:30:02.749+01:00  INFO 555080 --- [           main] liquibase.changelog                      : ChangeSet org/flowable/cmmn/db/liquibase/flowable-cmmn-db-changelog.xml::11::flowable ran successfully in 11ms
Running Changeset: org/flowable/cmmn/db/liquibase/flowable-cmmn-db-changelog.xml::12::flowable
2026-01-22T08:30:02.758+01:00  INFO 555080 --- [           main] liquibase.changelog                      : Columns LOCK_OWNER_(varchar(255)) added to ACT_CMMN_RU_CASE_INST
2026-01-22T08:30:02.758+01:00  INFO 555080 --- [           main] liquibase.changelog                      : ChangeSet org/flowable/cmmn/db/liquibase/flowable-cmmn-db-changelog.xml::12::flowable ran successfully in 5ms
Running Changeset: org/flowable/cmmn/db/liquibase/flowable-cmmn-db-changelog.xml::13::flowable
2026-01-22T08:30:02.770+01:00  INFO 555080 --- [           main] liquibase.changelog                      : Columns LAST_UNAVAILABLE_TIME_(datetime(3)) added to ACT_CMMN_RU_PLAN_ITEM_INST
2026-01-22T08:30:02.774+01:00  INFO 555080 --- [           main] liquibase.changelog                      : Columns LAST_UNAVAILABLE_TIME_(datetime(3)) added to ACT_CMMN_HI_PLAN_ITEM_INST
2026-01-22T08:30:02.774+01:00  INFO 555080 --- [           main] liquibase.changelog                      : ChangeSet org/flowable/cmmn/db/liquibase/flowable-cmmn-db-changelog.xml::13::flowable ran successfully in 11ms
Running Changeset: org/flowable/cmmn/db/liquibase/flowable-cmmn-db-changelog.xml::14::flowable
2026-01-22T08:30:02.790+01:00  INFO 555080 --- [           main] liquibase.changelog                      : Columns LAST_REACTIVATION_TIME_(datetime(3)),LAST_REACTIVATION_USER_ID_(varchar(255)) added to ACT_CMMN_RU_CASE_INST
2026-01-22T08:30:02.798+01:00  INFO 555080 --- [           main] liquibase.changelog                      : Columns LAST_REACTIVATION_TIME_(datetime(3)),LAST_REACTIVATION_USER_ID_(varchar(255)) added to ACT_CMMN_HI_CASE_INST
2026-01-22T08:30:02.798+01:00  INFO 555080 --- [           main] liquibase.changelog                      : ChangeSet org/flowable/cmmn/db/liquibase/flowable-cmmn-db-changelog.xml::14::flowable ran successfully in 20ms
Running Changeset: org/flowable/cmmn/db/liquibase/flowable-cmmn-db-changelog.xml::16::flowable
2026-01-22T08:30:02.809+01:00  INFO 555080 --- [           main] liquibase.changelog                      : Columns BUSINESS_STATUS_(varchar(255)) added to ACT_CMMN_RU_CASE_INST
2026-01-22T08:30:02.813+01:00  INFO 555080 --- [           main] liquibase.changelog                      : Columns BUSINESS_STATUS_(varchar(255)) added to ACT_CMMN_HI_CASE_INST
2026-01-22T08:30:02.814+01:00  INFO 555080 --- [           main] liquibase.changelog                      : ChangeSet org/flowable/cmmn/db/liquibase/flowable-cmmn-db-changelog.xml::16::flowable ran successfully in 12ms
Running Changeset: org/flowable/cmmn/db/liquibase/flowable-cmmn-db-changelog.xml::17::flowable
2026-01-22T08:30:02.819+01:00  INFO 555080 --- [           main] liquibase.changelog                      : Index ACT_IDX_HI_CASE_INST_END created
2026-01-22T08:30:02.819+01:00  INFO 555080 --- [           main] liquibase.changelog                      : ChangeSet org/flowable/cmmn/db/liquibase/flowable-cmmn-db-changelog.xml::17::flowable ran successfully in 2ms
Running Changeset: org/flowable/cmmn/db/liquibase/flowable-cmmn-db-changelog.xml::18::flowable
2026-01-22T08:30:02.826+01:00  INFO 555080 --- [           main] liquibase.changelog                      : Index ACT_IDX_HI_PLAN_ITEM_INST_CASE created
2026-01-22T08:30:02.827+01:00  INFO 555080 --- [           main] liquibase.changelog                      : ChangeSet org/flowable/cmmn/db/liquibase/flowable-cmmn-db-changelog.xml::18::flowable ran successfully in 1ms

UPDATE SUMMARY
Run:                         16
Previously run:               0
Filtered out:                 2
-------------------------------
Total change sets:           18


FILTERED CHANGE SETS SUMMARY
DBMS mismatch:                2

2026-01-22T08:30:02.830+01:00  INFO 555080 --- [           main] liquibase.util                           : UPDATE SUMMARY
2026-01-22T08:30:02.830+01:00  INFO 555080 --- [           main] liquibase.util                           : Run:                         16
2026-01-22T08:30:02.830+01:00  INFO 555080 --- [           main] liquibase.util                           : Previously run:               0
2026-01-22T08:30:02.831+01:00  INFO 555080 --- [           main] liquibase.util                           : Filtered out:                 2
2026-01-22T08:30:02.831+01:00  INFO 555080 --- [           main] liquibase.util                           : -------------------------------
2026-01-22T08:30:02.831+01:00  INFO 555080 --- [           main] liquibase.util                           : Total change sets:           18
2026-01-22T08:30:02.831+01:00  INFO 555080 --- [           main] liquibase.util                           : FILTERED CHANGE SETS SUMMARY
2026-01-22T08:30:02.831+01:00  INFO 555080 --- [           main] liquibase.util                           : DBMS mismatch:                2
2026-01-22T08:30:02.832+01:00  INFO 555080 --- [           main] liquibase.util                           : Update summary generated
2026-01-22T08:30:02.832+01:00  INFO 555080 --- [           main] liquibase.command                        : Update command completed successfully.
Liquibase: Update has been successful. Rows affected: 16
2026-01-22T08:30:02.834+01:00  INFO 555080 --- [           main] liquibase.lockservice                    : Successfully released change log lock
2026-01-22T08:30:02.834+01:00  INFO 555080 --- [           main] liquibase.command                        : Command execution complete
2026-01-22T08:30:02.835+01:00  INFO 555080 --- [           main] o.f.cmmn.engine.impl.CmmnEngineImpl      : CmmnEngine default created
2026-01-22T08:30:02.845+01:00  INFO 555080 --- [           main] liquibase.database                       : Set default schema name to PUBLIC
2026-01-22T08:30:02.920+01:00  INFO 555080 --- [           main] liquibase.changelog                      : Creating database history table with name: PUBLIC.ACT_APP_DATABASECHANGELOG
2026-01-22T08:30:02.923+01:00  INFO 555080 --- [           main] liquibase.changelog                      : Reading from PUBLIC.ACT_APP_DATABASECHANGELOG
2026-01-22T08:30:02.951+01:00  INFO 555080 --- [           main] liquibase.lockservice                    : Successfully acquired change log lock
2026-01-22T08:30:02.951+01:00  INFO 555080 --- [           main] liquibase.command                        : Using deploymentId: 9067002951
2026-01-22T08:30:02.952+01:00  INFO 555080 --- [           main] liquibase.changelog                      : Reading from PUBLIC.ACT_APP_DATABASECHANGELOG
Running Changeset: org/flowable/app/db/liquibase/flowable-app-db-changelog.xml::1::flowable
2026-01-22T08:30:02.996+01:00  INFO 555080 --- [           main] liquibase.changelog                      : Table ACT_APP_DEPLOYMENT created
2026-01-22T08:30:02.999+01:00  INFO 555080 --- [           main] liquibase.changelog                      : Table ACT_APP_DEPLOYMENT_RESOURCE created
2026-01-22T08:30:03.002+01:00  INFO 555080 --- [           main] liquibase.changelog                      : Foreign key constraint added to ACT_APP_DEPLOYMENT_RESOURCE (DEPLOYMENT_ID_)
2026-01-22T08:30:03.004+01:00  INFO 555080 --- [           main] liquibase.changelog                      : Index ACT_IDX_APP_RSRC_DPL created
2026-01-22T08:30:03.008+01:00  INFO 555080 --- [           main] liquibase.changelog                      : Table ACT_APP_APPDEF created
2026-01-22T08:30:03.011+01:00  INFO 555080 --- [           main] liquibase.changelog                      : Foreign key constraint added to ACT_APP_APPDEF (DEPLOYMENT_ID_)
2026-01-22T08:30:03.016+01:00  INFO 555080 --- [           main] liquibase.changelog                      : Index ACT_IDX_APP_DEF_DPLY created
2026-01-22T08:30:03.017+01:00  INFO 555080 --- [           main] liquibase.changelog                      : ChangeSet org/flowable/app/db/liquibase/flowable-app-db-changelog.xml::1::flowable ran successfully in 24ms
Running Changeset: org/flowable/app/db/liquibase/flowable-app-db-changelog.xml::3::flowable
2026-01-22T08:30:03.026+01:00  INFO 555080 --- [           main] liquibase.changelog                      : Index ACT_IDX_APP_DEF_UNIQ created
2026-01-22T08:30:03.026+01:00  INFO 555080 --- [           main] liquibase.changelog                      : ChangeSet org/flowable/app/db/liquibase/flowable-app-db-changelog.xml::3::flowable ran successfully in 2ms

UPDATE SUMMARY
Run:                          2
Previously run:               0
Filtered out:                 1
-------------------------------
Total change sets:            3


FILTERED CHANGE SETS SUMMARY
DBMS mismatch:                1

2026-01-22T08:30:03.036+01:00  INFO 555080 --- [           main] liquibase.util                           : UPDATE SUMMARY
2026-01-22T08:30:03.036+01:00  INFO 555080 --- [           main] liquibase.util                           : Run:                          2
2026-01-22T08:30:03.037+01:00  INFO 555080 --- [           main] liquibase.util                           : Previously run:               0
2026-01-22T08:30:03.037+01:00  INFO 555080 --- [           main] liquibase.util                           : Filtered out:                 1
2026-01-22T08:30:03.037+01:00  INFO 555080 --- [           main] liquibase.util                           : -------------------------------
2026-01-22T08:30:03.037+01:00  INFO 555080 --- [           main] liquibase.util                           : Total change sets:            3
2026-01-22T08:30:03.037+01:00  INFO 555080 --- [           main] liquibase.util                           : FILTERED CHANGE SETS SUMMARY
2026-01-22T08:30:03.037+01:00  INFO 555080 --- [           main] liquibase.util                           : DBMS mismatch:                1
2026-01-22T08:30:03.038+01:00  INFO 555080 --- [           main] liquibase.util                           : Update summary generated
2026-01-22T08:30:03.038+01:00  INFO 555080 --- [           main] liquibase.command                        : Update command completed successfully.
Liquibase: Update has been successful. Rows affected: 2
2026-01-22T08:30:03.040+01:00  INFO 555080 --- [           main] liquibase.lockservice                    : Successfully released change log lock
2026-01-22T08:30:03.040+01:00  INFO 555080 --- [           main] liquibase.command                        : Command execution complete
2026-01-22T08:30:03.041+01:00  INFO 555080 --- [           main] o.f.app.engine.impl.AppEngineImpl        : AppEngine default created
gRPC Server started on port 0
2026-01-22T08:30:04.326+01:00  WARN 555080 --- [           main] JpaBaseConfiguration$JpaWebConfiguration : spring.jpa.open-in-view is enabled by default. Therefore, database queries may be performed during view rendering. Explicitly configure spring.jpa.open-in-view to disable this warning
2026-01-22T08:30:05.354+01:00  INFO 555080 --- [           main] efaultSchemaResourceGraphQlSourceBuilder : Loaded 1 resource(s) in the GraphQL schema.
2026-01-22T08:30:05.808+01:00  INFO 555080 --- [           main] o.s.b.a.g.GraphQlAutoConfiguration       : GraphQL schema inspection:
	Unmapped fields: {}
	Unmapped registrations: {}
	Skipped types: []
2026-01-22T08:30:05.845+01:00  INFO 555080 --- [           main] s.b.a.g.s.GraphQlWebMvcAutoConfiguration : GraphQL endpoint HTTP POST /graphql
2026-01-22T08:30:08.052+01:00  INFO 555080 --- [           main] o.a.c.c.C.[Tomcat].[localhost].[/]       : Initializing Spring TestDispatcherServlet ''
2026-01-22T08:30:08.052+01:00  INFO 555080 --- [           main] o.s.t.web.servlet.TestDispatcherServlet  : Initializing Servlet ''
2026-01-22T08:30:08.055+01:00  INFO 555080 --- [           main] o.s.t.web.servlet.TestDispatcherServlet  : Completed initialization in 3 ms
2026-01-22T08:30:08.238+01:00  INFO 555080 --- [           main] o.f.s.c.DefaultAutoDeploymentStrategy    : Deploying resources [file [/home/salah/Desktop/ENSIIE/Informatique/3s/webservice/web_services/processing/target/classes/processes/insuranceClaimProcess.bpmn20.xml]] for engine org.flowable.engine.impl.ProcessEngineImpl@2d14f347 deployment name hint SpringBootAutoDeployment
2026-01-22T08:30:08.639+01:00  INFO 555080 --- [           main] o.s.b.w.embedded.tomcat.TomcatWebServer  : Tomcat started on port 43963 (http) with context path ''
2026-01-22T08:30:08.664+01:00  INFO 555080 --- [           main] c.c.s.c.processing.GraphQLServiceTest    : Started GraphQLServiceTest in 21.126 seconds (process running for 21.865)
2026-01-22T08:30:09.955+01:00  WARN 555080 --- [           main] notprivacysafe.graphql.GraphQL           : Query did not validate : '{ claims { id claimType status } }'
]]></system-out>
  </testcase>
  <testcase name="testGetClaimById" classname="com.cyterafle.salahsama.claim.processing.GraphQLServiceTest" time="0.208"/>
  <testcase name="testGetClaimWithCustomer" classname="com.cyterafle.salahsama.claim.processing.GraphQLServiceTest" time="0.029"/>
  <testcase name="testGetClaimHistory" classname="com.cyterafle.salahsama.claim.processing.GraphQLServiceTest" time="0.225"/>
</testsuite>